2024-09-23 13:09:57 [INFO]: Recieved POST request for /api/test
2024-09-23 13:09:35 [INFO]: Recieved GET request for /api/test
2024-09-23 13:09:36 [INFO]: Test endpoint hit
2024-09-23 13:09:73 [INFO]: Recieved GET request for /xyz/
2024-09-23 15:09:31 [INFO]: Recieved GET request for /api/abc
2024-09-23 15:09:31 [ERROR]: Recieved GET request for /api/abc
2024-09-23 15:09:96 [INFO]: Recieved POST request for /api/abc
2024-09-23 15:09:96 [ERROR]: Recieved POST request for /api/abc
2024-09-23 15:20:46 [INFO]: Recieved POST request for /api/abc
2024-09-23 15:20:46 [ERROR]: Recieved POST request for /api/abc
2024-09-23 15:20:55 [INFO]: Recieved GET request for /api/abc
2024-09-23 15:20:55 [ERROR]: Recieved GET request for /api/abc
2024-09-23 15:21:01 [INFO]: Recieved POST request for /api/abc
2024-09-23 15:21:01 [ERROR]: Recieved POST request for /api/abc
2024-09-23 15:23:17 [INFO]: Recieved GET request for /login
2024-09-23 15:23:17 [ERROR]: Recieved GET request for /login
2024-09-24 10:49:34 [INFO]: Recieved GET request for /login
2024-09-24 10:49:34 [ERROR]: Recieved GET request for /login
2024-09-24 11:46:15 [INFO]: Recieved GET request for /login
2024-09-24 11:46:15 [ERROR]: Recieved GET request for /login
2024-09-24 11:58:50 [INFO]: Recieved GET request for /api/add-exeProgress
2024-09-24 11:58:50 [ERROR]: Recieved GET request for /api/add-exeProgress
2024-09-24 12:12:10 [INFO]: Recieved GET request for /login
2024-09-24 12:12:10 [ERROR]: Recieved GET request for /login
2024-09-24 15:08:01 [INFO]: Recieved GET request for /login
2024-09-24 15:08:01 [ERROR]: Recieved GET request for /login
2024-09-24 17:17:48 [INFO]: Recieved POST request for /api/getUserdata
2024-09-24 17:17:48 [ERROR]: Recieved POST request for /api/getUserdata
2024-09-24 17:23:51 [INFO]: Recieved GET request for /login
2024-09-24 17:23:51 [ERROR]: Recieved GET request for /login
2024-09-24 17:25:53 [INFO]: Recieved GET request for /login
2024-09-24 17:25:53 [ERROR]: Recieved GET request for /login
2024-09-24 17:33:23 [INFO]: Recieved GET request for /login
2024-09-24 17:33:23 [ERROR]: Recieved GET request for /login
2024-09-24 17:34:55 [INFO]: Recieved GET request for /login
2024-09-24 17:34:55 [ERROR]: Recieved GET request for /login
2024-09-24 17:38:13 [INFO]: Recieved GET request for /login
2024-09-24 17:38:13 [ERROR]: Recieved GET request for /login
2024-09-24 17:40:44 [INFO]: Recieved GET request for /login
2024-09-24 17:40:44 [ERROR]: Recieved GET request for /login
2024-09-24 21:55:40 [INFO]: Recieved GET request for /login
2024-09-24 21:55:40 [ERROR]: Recieved GET request for /login
2024-09-24 21:59:11 [INFO]: Recieved GET request for /login
2024-09-24 21:59:11 [ERROR]: Recieved GET request for /login
2024-09-25 09:15:11 [INFO]: Recieved GET request for /login
2024-09-25 09:15:11 [ERROR]: Recieved GET request for /login
2024-09-25 09:17:22 [INFO]: Recieved GET request for /login
2024-09-25 09:17:22 [ERROR]: Recieved GET request for /login
2024-09-25 11:51:52 [INFO]: Recieved GET request for /login
2024-09-25 11:51:52 [ERROR]: Recieved GET request for /login
2024-09-25 13:44:21 [INFO]: Recieved GET request for /api/add-calProgress
2024-09-25 13:44:21 [ERROR]: Recieved GET request for /api/add-calProgress
2024-09-25 13:51:40 [INFO]: Recieved GET request for /login
2024-09-25 13:51:40 [ERROR]: Recieved GET request for /login
2024-09-25 16:19:16 [INFO]: Recieved GET request for /login
2024-09-25 16:19:16 [ERROR]: Recieved GET request for /login
2024-09-25 16:28:29 [INFO]: Recieved GET request for /login
2024-09-25 16:28:29 [ERROR]: Recieved GET request for /login
2024-09-25 17:16:09 [INFO]: Recieved GET request for /login
2024-09-25 17:16:09 [ERROR]: Recieved GET request for /login
2024-09-25 17:34:11 [INFO]: Recieved GET request for /login
2024-09-25 17:34:11 [ERROR]: Recieved GET request for /login
2024-09-25 17:35:00 [INFO]: Recieved GET request for /api/register
2024-09-25 17:35:00 [ERROR]: Recieved GET request for /api/register
2024-09-25 18:33:23 [INFO]: Recieved GET request for /login
2024-09-25 18:33:23 [ERROR]: Recieved GET request for /login
2024-09-25 18:41:20 [INFO]: Recieved GET request for /login
2024-09-25 18:41:20 [ERROR]: Recieved GET request for /login
2024-09-26 10:50:25 [INFO]: Recieved GET request for /login
2024-09-26 10:50:25 [ERROR]: Recieved GET request for /login
2024-09-26 10:50:50 [INFO]: Recieved GET request for /login
2024-09-26 10:50:50 [ERROR]: Recieved GET request for /login
2024-09-26 11:00:08 [INFO]: Recieved GET request for /login
2024-09-26 11:00:08 [ERROR]: Recieved GET request for /login
2024-09-26 11:15:57 [INFO]: Recieved GET request for /login
2024-09-26 11:15:57 [ERROR]: Recieved GET request for /login
2024-09-26 12:54:21 [INFO]: Recieved GET request for /login
2024-09-26 12:54:21 [ERROR]: Recieved GET request for /login
2024-09-26 13:22:35 [INFO]: Recieved GET request for /login
2024-09-26 13:22:35 [ERROR]: Recieved GET request for /login
2024-09-26 13:31:08 [INFO]: Recieved GET request for /login
2024-09-26 13:31:08 [ERROR]: Recieved GET request for /login
2024-09-26 14:44:31 [INFO]: Recieved GET request for /login
2024-09-26 14:44:31 [ERROR]: Recieved GET request for /login
2024-09-27 10:55:41 [INFO]: Recieved GET request for /login
2024-09-27 10:55:41 [ERROR]: Recieved GET request for /login
2024-09-27 16:57:01 [INFO]: Recieved GET request for /login
2024-09-27 16:57:01 [ERROR]: Recieved GET request for /login
2024-09-27 17:07:57 [INFO]: Recieved GET request for /login
2024-09-27 17:07:57 [ERROR]: Recieved GET request for /login
2024-09-27 17:08:33 [INFO]: Recieved GET request for /login
2024-09-27 17:08:33 [ERROR]: Recieved GET request for /login
2024-09-27 17:09:20 [INFO]: Recieved GET request for /login
2024-09-27 17:09:20 [ERROR]: Recieved GET request for /login
2024-09-27 17:09:48 [INFO]: Recieved GET request for /login
2024-09-27 17:09:48 [ERROR]: Recieved GET request for /login
2024-09-27 17:09:59 [INFO]: Recieved GET request for /login
2024-09-27 17:09:59 [ERROR]: Recieved GET request for /login
